<?xml version="1.0" encoding="UTF-8"?>
<!-- Generated by org.testng.reporters.JUnitXMLReporter -->
<testsuite ignored="0" hostname="DESKTOP-1I86O7O" failures="0" tests="3" name="Default test" time="0.087" errors="0" timestamp="2020-05-19T18:15:02 CDT">
  <testcase classname="com.class01.TestNGDemo" name="testOne" time="0.014"/>
  <testcase classname="com.class01.TestNGDemo" name="testThree" time="0.002"/>
  <testcase classname="com.class01.TestNGDemo" name="testTwo" time="0.003"/>
</testsuite> <!-- Default test -->
