<?xml version="1.0" encoding="UTF-8"?>
<!-- Generated by org.testng.reporters.JUnitXMLReporter -->
<testsuite ignored="3" hostname="DESKTOP-1I86O7O" failures="0" tests="11" name="Test class01" time="46.602" errors="0" timestamp="2020-05-27T11:54:48 CDT">
  <testcase classname="com.class01.DifferentAnnotations" name="test" time="0.007"/>
  <testcase classname="com.class01.Hw1" name="logoValidation" time="2.084"/>
  <testcase classname="com.class01.Hw1" name="titleValidation" time="2.011"/>
  <testcase classname="com.class01.Hw1" name="validLogin" time="4.288"/>
  <testcase classname="com.class01.Hw1" name="welcomeAdminValidation" time="6.594"/>
  <testcase classname="com.class01.TaskTwo" name="test1" time="0.002"/>
  <testcase classname="com.class01.TaskTwo" name="test2" time="0.003"/>
  <testcase classname="com.class01.TaskTwo" name="test3" time="0.003"/>
  <testcase classname="com.class01.TestNGDemo" name="testOne" time="0.003"/>
  <testcase classname="com.class01.TestNGDemo" name="testThree" time="0.002"/>
  <testcase classname="com.class01.TestNGDemo" name="testTwo" time="0.003"/>
  <testcase classname="com.class01.TitleLogoAndLoginValidation" name="titleValidation" time="0.0">
    <ignored/>
  </testcase> <!-- titleValidation -->
  <testcase classname="com.class01.TitleLogoAndLoginValidation" name="logoValidation" time="0.0">
    <ignored/>
  </testcase> <!-- logoValidation -->
  <testcase classname="com.class01.TitleLogoAndLoginValidation" name="validLogin" time="0.0">
    <ignored/>
  </testcase> <!-- validLogin -->
</testsuite> <!-- Test class01 -->
