<?xml version="1.0" encoding="UTF-8"?>
<testng-results ignored="0" total="3" passed="3" failed="0" skipped="0">
  <reporter-output>
  </reporter-output>
  <suite started-at="2020-05-19T18:15:02 CDT" name="Default suite" finished-at="2020-05-19T18:15:02 CDT" duration-ms="87">
    <groups>
    </groups>
    <test started-at="2020-05-19T18:15:02 CDT" name="Default test" finished-at="2020-05-19T18:15:02 CDT" duration-ms="87">
      <class name="com.class01.TestNGDemo">
        <test-method signature="testOne()[pri:0, instance:com.class01.TestNGDemo@7c417213]" started-at="2020-05-19T18:15:02 CDT" name="testOne" finished-at="2020-05-19T18:15:02 CDT" duration-ms="14" status="PASS">
          <reporter-output>
          </reporter-output>
        </test-method> <!-- testOne -->
        <test-method signature="testThree()[pri:0, instance:com.class01.TestNGDemo@7c417213]" started-at="2020-05-19T18:15:02 CDT" name="testThree" finished-at="2020-05-19T18:15:02 CDT" duration-ms="2" status="PASS">
          <reporter-output>
          </reporter-output>
        </test-method> <!-- testThree -->
        <test-method signature="testTwo()[pri:0, instance:com.class01.TestNGDemo@7c417213]" started-at="2020-05-19T18:15:02 CDT" name="testTwo" finished-at="2020-05-19T18:15:02 CDT" duration-ms="3" status="PASS">
          <reporter-output>
          </reporter-output>
        </test-method> <!-- testTwo -->
      </class> <!-- com.class01.TestNGDemo -->
    </test> <!-- Default test -->
  </suite> <!-- Default suite -->
</testng-results>
